[0.011s] Invoking command in '/home/thor/ros2_ws/build/cpp_pubsub': CMAKE_PREFIX_PATH=${CMAKE_PREFIX_PATH}:/opt/ros/jazzy DEBUGINFOD_URLS=https://debuginfod.ubuntu.com /usr/bin/cmake /home/thor/ros2_ws/src/cpp_pubsub -DCMAKE_INSTALL_PREFIX=/home/thor/ros2_ws/install/cpp_pubsub
[0.079s] -- The C compiler identification is GNU 13.3.0
[0.143s] -- The CXX compiler identification is GNU 13.3.0
[0.165s] -- Detecting C compiler ABI info
[0.285s] -- Detecting C compiler ABI info - done
[0.292s] -- Check for working C compiler: /usr/bin/cc - skipped
[0.293s] -- Detecting C compile features
[0.293s] -- Detecting C compile features - done
[0.310s] -- Detecting CXX compiler ABI info
[0.439s] -- Detecting CXX compiler ABI info - done
[0.447s] -- Check for working CXX compiler: /usr/bin/c++ - skipped
[0.447s] -- Detecting CXX compile features
[0.447s] -- Detecting CXX compile features - done
[0.451s] -- Found ament_cmake: 2.5.4 (/opt/ros/jazzy/share/ament_cmake/cmake)
[0.600s] -- Found Python3: /usr/bin/python3 (found version "3.12.3") found components: Interpreter 
[0.707s] -- Found rclcpp: 28.1.13 (/opt/ros/jazzy/share/rclcpp/cmake)
[0.751s] -- Found rosidl_generator_c: 4.6.6 (/opt/ros/jazzy/share/rosidl_generator_c/cmake)
[0.765s] -- Found rosidl_generator_cpp: 4.6.6 (/opt/ros/jazzy/share/rosidl_generator_cpp/cmake)
[0.782s] -- Using all available rosidl_typesupport_c: rosidl_typesupport_fastrtps_c;rosidl_typesupport_introspection_c
[0.801s] -- Using all available rosidl_typesupport_cpp: rosidl_typesupport_fastrtps_cpp;rosidl_typesupport_introspection_cpp
[0.886s] -- Found rmw_implementation_cmake: 7.3.2 (/opt/ros/jazzy/share/rmw_implementation_cmake/cmake)
[0.889s] -- Found rmw_fastrtps_cpp: 8.4.3 (/opt/ros/jazzy/share/rmw_fastrtps_cpp/cmake)
[1.000s] -- Found OpenSSL: /usr/lib/x86_64-linux-gnu/libcrypto.so (found version "3.0.13")  
[1.022s] -- Found FastRTPS: /opt/ros/jazzy/include (Required is at least version "2.13") 
[1.049s] -- Using RMW implementation 'rmw_fastrtps_cpp' as default
[1.126s] -- Found std_msgs: 5.3.6 (/opt/ros/jazzy/share/std_msgs/cmake)
[1.226s] -- Configuring done (1.2s)
[1.240s] -- Generating done (0.0s)
[1.244s] -- Build files have been written to: /home/thor/ros2_ws/build/cpp_pubsub
[1.257s] Invoked command in '/home/thor/ros2_ws/build/cpp_pubsub' returned '0': CMAKE_PREFIX_PATH=${CMAKE_PREFIX_PATH}:/opt/ros/jazzy DEBUGINFOD_URLS=https://debuginfod.ubuntu.com /usr/bin/cmake /home/thor/ros2_ws/src/cpp_pubsub -DCMAKE_INSTALL_PREFIX=/home/thor/ros2_ws/install/cpp_pubsub
[1.257s] Invoking command in '/home/thor/ros2_ws/build/cpp_pubsub': CMAKE_PREFIX_PATH=${CMAKE_PREFIX_PATH}:/opt/ros/jazzy DEBUGINFOD_URLS=https://debuginfod.ubuntu.com /usr/bin/cmake --build /home/thor/ros2_ws/build/cpp_pubsub -- -j4 -l4
[1.331s] [ 25%] [32mBuilding CXX object CMakeFiles/talker.dir/src/publisher_lambda_function.cpp.o[0m
[1.333s] [ 50%] [32mBuilding CXX object CMakeFiles/listener.dir/src/subscriber_lambda_function.cpp.o[0m
[5.474s] [ 75%] [32m[1mLinking CXX executable talker[0m
[5.662s] [ 75%] Built target talker
[8.359s] [100%] [32m[1mLinking CXX executable listener[0m
[8.617s] [100%] Built target listener
[8.632s] Invoked command in '/home/thor/ros2_ws/build/cpp_pubsub' returned '0': CMAKE_PREFIX_PATH=${CMAKE_PREFIX_PATH}:/opt/ros/jazzy DEBUGINFOD_URLS=https://debuginfod.ubuntu.com /usr/bin/cmake --build /home/thor/ros2_ws/build/cpp_pubsub -- -j4 -l4
[8.645s] Invoking command in '/home/thor/ros2_ws/build/cpp_pubsub': CMAKE_PREFIX_PATH=${CMAKE_PREFIX_PATH}:/opt/ros/jazzy DEBUGINFOD_URLS=https://debuginfod.ubuntu.com /usr/bin/cmake --install /home/thor/ros2_ws/build/cpp_pubsub
[8.656s] -- Install configuration: ""
[8.657s] -- Installing: /home/thor/ros2_ws/install/cpp_pubsub/lib/cpp_pubsub/talker
[8.658s] -- Set non-toolchain portion of runtime path of "/home/thor/ros2_ws/install/cpp_pubsub/lib/cpp_pubsub/talker" to ""
[8.659s] -- Installing: /home/thor/ros2_ws/install/cpp_pubsub/lib/cpp_pubsub/listener
[8.665s] -- Set non-toolchain portion of runtime path of "/home/thor/ros2_ws/install/cpp_pubsub/lib/cpp_pubsub/listener" to ""
[8.665s] -- Installing: /home/thor/ros2_ws/install/cpp_pubsub/share/ament_index/resource_index/package_run_dependencies/cpp_pubsub
[8.665s] -- Installing: /home/thor/ros2_ws/install/cpp_pubsub/share/ament_index/resource_index/parent_prefix_path/cpp_pubsub
[8.665s] -- Installing: /home/thor/ros2_ws/install/cpp_pubsub/share/cpp_pubsub/environment/ament_prefix_path.sh
[8.666s] -- Installing: /home/thor/ros2_ws/install/cpp_pubsub/share/cpp_pubsub/environment/ament_prefix_path.dsv
[8.666s] -- Installing: /home/thor/ros2_ws/install/cpp_pubsub/share/cpp_pubsub/environment/path.sh
[8.666s] -- Installing: /home/thor/ros2_ws/install/cpp_pubsub/share/cpp_pubsub/environment/path.dsv
[8.666s] -- Installing: /home/thor/ros2_ws/install/cpp_pubsub/share/cpp_pubsub/local_setup.bash
[8.667s] -- Installing: /home/thor/ros2_ws/install/cpp_pubsub/share/cpp_pubsub/local_setup.sh
[8.667s] -- Installing: /home/thor/ros2_ws/install/cpp_pubsub/share/cpp_pubsub/local_setup.zsh
[8.667s] -- Installing: /home/thor/ros2_ws/install/cpp_pubsub/share/cpp_pubsub/local_setup.dsv
[8.667s] -- Installing: /home/thor/ros2_ws/install/cpp_pubsub/share/cpp_pubsub/package.dsv
[8.667s] -- Installing: /home/thor/ros2_ws/install/cpp_pubsub/share/ament_index/resource_index/packages/cpp_pubsub
[8.667s] -- Installing: /home/thor/ros2_ws/install/cpp_pubsub/share/cpp_pubsub/cmake/cpp_pubsubConfig.cmake
[8.668s] -- Installing: /home/thor/ros2_ws/install/cpp_pubsub/share/cpp_pubsub/cmake/cpp_pubsubConfig-version.cmake
[8.668s] -- Installing: /home/thor/ros2_ws/install/cpp_pubsub/share/cpp_pubsub/package.xml
[8.672s] Invoked command in '/home/thor/ros2_ws/build/cpp_pubsub' returned '0': CMAKE_PREFIX_PATH=${CMAKE_PREFIX_PATH}:/opt/ros/jazzy DEBUGINFOD_URLS=https://debuginfod.ubuntu.com /usr/bin/cmake --install /home/thor/ros2_ws/build/cpp_pubsub
